Added Component: Designator=C1(electrolytic capacitor)
Add component (AddParameter): Name = "manf"; Value = "Würth Elektronik"; VariantName = "[No Variations]"
Add component (AddParameter): Name = "manf part number"; Value = "865080342006"; VariantName = "[No Variations]"
Add component (AddParameter): Name = "part number"; Value = "732-8416-2-ND"; VariantName = "[No Variations]"
Add component (AddParameter): Name = "supplier"; Value = "digikey"; VariantName = "[No Variations]"
Added Component: Designator=C2(ceramic capacitor)
Add component (AddParameter): Name = "manf"; Value = "Samsung Electro-Mechanics"; VariantName = "[No Variations]"
Add component (AddParameter): Name = "manf part number"; Value = "CL05B104KP5NNNC"; VariantName = "[No Variations]"
Add component (AddParameter): Name = "part number"; Value = "1276-1002-2-ND"; VariantName = "[No Variations]"
Add component (AddParameter): Name = "supplier"; Value = "digikey"; VariantName = "[No Variations]"
Added Component: Designator=j1(Terminal block)
Add component (AddParameter): Name = "Part number"; Value = "300000007278"; VariantName = "[No Variations]"
Add component (AddParameter): Name = "Supplier"; Value = "Makers"; VariantName = "[No Variations]"
Added Component: Designator=j2(Terminal block)
Add component (AddParameter): Name = "Part number"; Value = "300000007278"; VariantName = "[No Variations]"
Add component (AddParameter): Name = "Supplier"; Value = "Makers"; VariantName = "[No Variations]"
Added Component: Designator=P1(61300411121)
Add component (AddParameter): Name = "Color"; Value = "Black"; VariantName = "[No Variations]"
Add component (AddParameter): Name = "Connector Type"; Value = "Male Pin"; VariantName = "[No Variations]"
Add component (AddParameter): Name = "Contact Material"; Value = "Copper"; VariantName = "[No Variations]"
Add component (AddParameter): Name = "Contact Mating Length"; Value = "5.9944mm"; VariantName = "[No Variations]"
Add component (AddParameter): Name = "Contact Plating"; Value = "Gold"; VariantName = "[No Variations]"
Add component (AddParameter): Name = "Contact Resistance"; Value = "20m?"; VariantName = "[No Variations]"
Add component (AddParameter): Name = "Current Rating"; Value = "3A"; VariantName = "[No Variations]"
Add component (AddParameter): Name = "Gender"; Value = "Male"; VariantName = "[No Variations]"
Add component (AddParameter): Name = "Height"; Value = "8.89mm"; VariantName = "[No Variations]"
Add component (AddParameter): Name = "Lead Free"; Value = "Lead Free"; VariantName = "[No Variations]"
Add component (AddParameter): Name = "Lead Pitch"; Value = "2.54mm"; VariantName = "[No Variations]"
Add component (AddParameter): Name = "Max Operating Temperature"; Value = "105°C"; VariantName = "[No Variations]"
Add component (AddParameter): Name = "Min Operating Temperature"; Value = "-40°C"; VariantName = "[No Variations]"
Add component (AddParameter): Name = "Mount"; Value = "Through Hole"; VariantName = "[No Variations]"
Add component (AddParameter): Name = "NexarPartId"; Value = "32855522"; VariantName = "[No Variations]"
Add component (AddParameter): Name = "Number of Contacts"; Value = "4"; VariantName = "[No Variations]"
Add component (AddParameter): Name = "Number of Pins"; Value = "4"; VariantName = "[No Variations]"
Add component (AddParameter): Name = "Number of Positions"; Value = "4"; VariantName = "[No Variations]"
Add component (AddParameter): Name = "Number of Rows"; Value = "1"; VariantName = "[No Variations]"
Add component (AddParameter): Name = "Operating Supply Voltage"; Value = "250V"; VariantName = "[No Variations]"
Add component (AddParameter): Name = "Orientation"; Value = "Vertical"; VariantName = "[No Variations]"
Add component (AddParameter): Name = "Packaging"; Value = "Bulk"; VariantName = "[No Variations]"
Add component (AddParameter): Name = "Pitch"; Value = "2.54mm"; VariantName = "[No Variations]"
Add component (AddParameter): Name = "REACH SVHC"; Value = "Unknown"; VariantName = "[No Variations]"
Add component (AddParameter): Name = "RoHS"; Value = "Compliant"; VariantName = "[No Variations]"
Add component (AddParameter): Name = "Termination"; Value = "Solder"; VariantName = "[No Variations]"
Add component (AddParameter): Name = "Voltage Rating"; Value = "250V"; VariantName = "[No Variations]"
Added Component: Designator=R1(RCS060330K0FKEA)
Add component (AddParameter): Name = "manf"; Value = "Vishay Dale"; VariantName = "[No Variations]"
Add component (AddParameter): Name = "manf part number"; Value = "RCS060330K0FKEA"; VariantName = "[No Variations]"
Add component (AddParameter): Name = "part number"; Value = "541-10453-2-ND"; VariantName = "[No Variations]"
Add component (AddParameter): Name = "supplier"; Value = "digikey"; VariantName = "[No Variations]"
Added Component: Designator=U1(DRV8871)
Add component (AddParameter): Name = "MANFACTURER"; Value = "Texas Instruments"; VariantName = "[No Variations]"
Add component (AddParameter): Name = "MANFACTURER PART NUMBER"; Value = "DRV8871DDAR"; VariantName = "[No Variations]"
Add component (AddParameter): Name = "PART NUMBER"; Value = "296-43024-2-ND"; VariantName = "[No Variations]"
Add component (AddParameter): Name = "SUPPLIER"; Value = "digikey"; VariantName = "[No Variations]"
Added Pin To Net: NetName=GND Pin=C1-2
Added Pin To Net: NetName=GND Pin=C2-1
Added Pin To Net: NetName=GND Pin=j1-2
Added Pin To Net: NetName=GND Pin=P1-1
Added Pin To Net: NetName=GND Pin=R1-1
Added Pin To Net: NetName=GND Pin=U1-1
Added Pin To Net: NetName=GND Pin=U1-7
Added Net: Name=GND
Added Pin To Net: NetName=Netj2_1 Pin=j2-1
Added Pin To Net: NetName=Netj2_1 Pin=U1-6
Added Net: Name=Netj2_1
Added Pin To Net: NetName=Netj2_2 Pin=j2-2
Added Pin To Net: NetName=Netj2_2 Pin=U1-8
Added Net: Name=Netj2_2
Added Pin To Net: NetName=NetP1_3 Pin=P1-3
Added Pin To Net: NetName=NetP1_3 Pin=U1-3
Added Net: Name=NetP1_3
Added Pin To Net: NetName=NetP1_4 Pin=P1-4
Added Pin To Net: NetName=NetP1_4 Pin=U1-2
Added Net: Name=NetP1_4
Added Pin To Net: NetName=NetR1_2 Pin=R1-2
Added Pin To Net: NetName=NetR1_2 Pin=U1-4
Added Net: Name=NetR1_2
Added Pin To Net: NetName=VCC Pin=C1-1
Added Pin To Net: NetName=VCC Pin=C2-2
Added Pin To Net: NetName=VCC Pin=j1-1
Added Pin To Net: NetName=VCC Pin=P1-2
Added Pin To Net: NetName=VCC Pin=U1-5
Added Net: Name=VCC
Added Class: Name=Sheet1
Added Rule: Name=Schematic Supply Nets
Added Rule: Name=Schematic Supply Nets_1
